2025-11-06 22:22:28,147 - __main__ - INFO - Random seed set to 42
2025-11-06 22:22:28,147 - __main__ - INFO - Starting training mode...
2025-11-06 22:22:28,147 - __main__ - INFO - Loading tokenizer from google-bert/bert-base-chinese
2025-11-06 22:22:28,774 - __main__ - INFO - Loading data...
2025-11-06 22:22:28,774 - __main__ - INFO - Attempting to load from online source...
2025-11-06 22:22:32,191 - __main__ - INFO - Train samples: 9600
2025-11-06 22:22:32,191 - __main__ - INFO - Validation samples: 1200
2025-11-06 22:22:32,191 - __main__ - INFO - Test samples: 1200
2025-11-06 22:22:32,191 - __main__ - INFO - Initializing model...
2025-11-06 22:22:33,361 - __main__ - INFO - Total parameters: 102,269,186
2025-11-06 22:22:33,361 - __main__ - INFO - Trainable parameters: 14,767,874
2025-11-06 22:22:33,363 - __main__ - INFO - Starting training...
2025-11-06 22:22:33,363 - __main__ - INFO - ==================================================
2025-11-06 22:22:33,364 - __main__ - INFO - Starting training...
2025-11-06 22:22:33,364 - __main__ - INFO - Total epochs: 10
2025-11-06 22:22:33,364 - __main__ - INFO - Batch size: 32
2025-11-06 22:22:33,364 - __main__ - INFO - Learning rate: 2e-05
2025-11-06 22:22:33,364 - __main__ - INFO - ==================================================
2025-11-06 22:22:33,477 - jieba - DEBUG - Building prefix dict from the default dictionary ...
2025-11-06 22:22:33,477 - jieba - DEBUG - Loading model from cache /tmp/jieba.cache
2025-11-06 22:22:33,484 - jieba - DEBUG - Building prefix dict from the default dictionary ...
2025-11-06 22:22:33,485 - jieba - DEBUG - Loading model from cache /tmp/jieba.cache
2025-11-06 22:22:33,488 - jieba - DEBUG - Building prefix dict from the default dictionary ...
2025-11-06 22:22:33,488 - jieba - DEBUG - Loading model from cache /tmp/jieba.cache
2025-11-06 22:22:33,490 - jieba - DEBUG - Building prefix dict from the default dictionary ...
2025-11-06 22:22:33,491 - jieba - DEBUG - Loading model from cache /tmp/jieba.cache
2025-11-06 22:22:34,338 - jieba - DEBUG - Loading model cost 0.861 seconds.
2025-11-06 22:22:34,338 - jieba - DEBUG - Prefix dict has been built successfully.
2025-11-06 22:22:34,355 - jieba - DEBUG - Loading model cost 0.867 seconds.
2025-11-06 22:22:34,355 - jieba - DEBUG - Prefix dict has been built successfully.
2025-11-06 22:22:34,361 - jieba - DEBUG - Loading model cost 0.870 seconds.
2025-11-06 22:22:34,361 - jieba - DEBUG - Prefix dict has been built successfully.
2025-11-06 22:22:34,390 - jieba - DEBUG - Loading model cost 0.905 seconds.
2025-11-06 22:22:34,390 - jieba - DEBUG - Prefix dict has been built successfully.
2025-11-06 22:22:46,427 - __main__ - ERROR - An error occurred: cannot pickle 'classmethod' object
Traceback (most recent call last):
  File "/root/autodl-tmp/zh-sentibert/main_train.py", line 372, in main
    train_mode(config, logger)
    ~~~~~~~~~~^^^^^^^^^^^^^^^^
  File "/root/autodl-tmp/zh-sentibert/main_train.py", line 214, in train_mode
    best_model_path = trainer.train()
  File "/root/autodl-tmp/zh-sentibert/trainer.py", line 128, in train
    best_model_path = self.save_checkpoint(epoch, is_best=True)
  File "/root/autodl-tmp/zh-sentibert/trainer.py", line 389, in save_checkpoint
    torch.save(checkpoint, checkpoint_path)
    ~~~~~~~~~~^^^^^^^^^^^^^^^^^^^^^^^^^^^^^
  File "/root/miniconda3/envs/deep-learning/lib/python3.13/site-packages/torch/serialization.py", line 967, in save
    _save(
    ~~~~~^
        obj,
        ^^^^
    ...<3 lines>...
        _disable_byteorder_record,
        ^^^^^^^^^^^^^^^^^^^^^^^^^^
    )
    ^
  File "/root/miniconda3/envs/deep-learning/lib/python3.13/site-packages/torch/serialization.py", line 1213, in _save
    pickler.dump(obj)
    ~~~~~~~~~~~~^^^^^
TypeError: cannot pickle 'classmethod' object
